2025-12-06 01:56:33,502 - INFO - 로그 파일: C:\Users\do713\GlobaLink\GlobaLink\backend\mk_crawler.log
2025-12-06 01:56:33,506 - INFO - 
======================================================================
2025-12-06 01:56:33,506 - INFO - 📰 [경제] 번호 기반 크롤링 시작
2025-12-06 01:56:33,506 - INFO - 카테고리: economy (경제)
2025-12-06 01:56:33,507 - INFO - 시작 번호: 11485597
2025-12-06 01:56:33,507 - INFO - 최대 수집 기사 수: 50개
2025-12-06 01:56:33,507 - INFO - ======================================================================
2025-12-06 01:56:39,412 - INFO -   ✅ 10개 수집 완료 (현재 번호: 11485586)
2025-12-06 01:56:45,062 - INFO -   ✅ 20개 수집 완료 (현재 번호: 11485576)
2025-12-06 01:56:50,762 - INFO -   ✅ 30개 수집 완료 (현재 번호: 11485566)
2025-12-06 01:56:56,354 - INFO -   ✅ 40개 수집 완료 (현재 번호: 11485556)
2025-12-06 01:57:02,166 - INFO -   ✅ 50개 수집 완료 (현재 번호: 11485545)
2025-12-06 01:57:02,167 - INFO - 
  🎯 목표 기사 수(50개) 도달! 크롤링 중단
2025-12-06 01:57:02,178 - INFO - 
======================================================================
2025-12-06 01:57:02,178 - INFO - ✅ 크롤링 완료!
2025-12-06 01:57:02,178 - INFO - ======================================================================
2025-12-06 01:57:02,179 - INFO - 총 확인한 번호: 53개
2025-12-06 01:57:02,179 - INFO - 수집된 기사: 50개
2025-12-06 01:57:02,180 - INFO - 수집률: 94.34%
2025-12-06 01:57:02,180 - INFO - 
요청 통계:
2025-12-06 01:57:02,181 - INFO -   - 총 요청: 53개
2025-12-06 01:57:02,181 - INFO -   - 성공: 50개
2025-12-06 01:57:02,181 - INFO -   - 404 (없음): 1개
2025-12-06 01:57:02,182 - INFO -   - 에러: 0개
2025-12-06 01:57:02,182 - INFO - ======================================================================

2025-12-06 01:57:02,187 - INFO - ✅ JSON 파일 저장 완료: ../DB/crawling\mk_news_economy_20251206_015702.json (50개 기사)
2025-12-06 01:57:02,198 - INFO - ✅ CSV 파일 저장 완료: ../DB/crawling\mk_news_economy_20251206_015702.csv (50개 기사)
2025-12-06 01:57:12,203 - INFO - 
======================================================================
2025-12-06 01:57:12,203 - INFO - 📰 [정치] 번호 기반 크롤링 시작
2025-12-06 01:57:12,203 - INFO - 카테고리: politics (정치)
2025-12-06 01:57:12,203 - INFO - 시작 번호: 11485596
2025-12-06 01:57:12,204 - INFO - 최대 수집 기사 수: 50개
2025-12-06 01:57:12,204 - INFO - ======================================================================
2025-12-06 01:57:17,821 - INFO -   ✅ 10개 수집 완료 (현재 번호: 11485585)
2025-12-06 01:57:23,691 - INFO -   ✅ 20개 수집 완료 (현재 번호: 11485575)
2025-12-06 01:57:29,559 - INFO -   ✅ 30개 수집 완료 (현재 번호: 11485565)
2025-12-06 01:57:35,402 - INFO -   ✅ 40개 수집 완료 (현재 번호: 11485555)
2025-12-06 01:57:41,540 - INFO -   ✅ 50개 수집 완료 (현재 번호: 11485544)
2025-12-06 01:57:41,540 - INFO - 
  🎯 목표 기사 수(50개) 도달! 크롤링 중단
2025-12-06 01:57:41,542 - INFO - 
======================================================================
2025-12-06 01:57:41,542 - INFO - ✅ 크롤링 완료!
2025-12-06 01:57:41,542 - INFO - ======================================================================
2025-12-06 01:57:41,542 - INFO - 총 확인한 번호: 53개
2025-12-06 01:57:41,543 - INFO - 수집된 기사: 50개
2025-12-06 01:57:41,543 - INFO - 수집률: 94.34%
2025-12-06 01:57:41,543 - INFO - 
요청 통계:
2025-12-06 01:57:41,543 - INFO -   - 총 요청: 106개
2025-12-06 01:57:41,543 - INFO -   - 성공: 100개
2025-12-06 01:57:41,544 - INFO -   - 404 (없음): 2개
2025-12-06 01:57:41,544 - INFO -   - 에러: 0개
2025-12-06 01:57:41,544 - INFO - ======================================================================

2025-12-06 01:57:41,559 - INFO - ✅ JSON 파일 저장 완료: ../DB/crawling\mk_news_politics_20251206_015741.json (50개 기사)
2025-12-06 01:57:41,576 - INFO - ✅ CSV 파일 저장 완료: ../DB/crawling\mk_news_politics_20251206_015741.csv (50개 기사)
2025-12-06 01:57:51,583 - INFO - 
======================================================================
2025-12-06 01:57:51,584 - INFO - 📰 [사회] 번호 기반 크롤링 시작
2025-12-06 01:57:51,585 - INFO - 카테고리: society (사회)
2025-12-06 01:57:51,585 - INFO - 시작 번호: 11485590
2025-12-06 01:57:51,586 - INFO - 최대 수집 기사 수: 50개
2025-12-06 01:57:51,586 - INFO - ======================================================================
2025-12-06 01:57:57,447 - INFO -   ✅ 10개 수집 완료 (현재 번호: 11485580)
2025-12-06 01:58:03,215 - INFO -   ✅ 20개 수집 완료 (현재 번호: 11485570)
2025-12-06 01:58:08,992 - INFO -   ✅ 30개 수집 완료 (현재 번호: 11485560)
2025-12-06 01:58:15,149 - INFO -   ✅ 40개 수집 완료 (현재 번호: 11485549)
2025-12-06 01:58:21,001 - INFO -   ✅ 50개 수집 완료 (현재 번호: 11485538)
2025-12-06 01:58:21,002 - INFO - 
  🎯 목표 기사 수(50개) 도달! 크롤링 중단
2025-12-06 01:58:21,003 - INFO - 
======================================================================
2025-12-06 01:58:21,003 - INFO - ✅ 크롤링 완료!
2025-12-06 01:58:21,004 - INFO - ======================================================================
2025-12-06 01:58:21,004 - INFO - 총 확인한 번호: 53개
2025-12-06 01:58:21,004 - INFO - 수집된 기사: 50개
2025-12-06 01:58:21,004 - INFO - 수집률: 94.34%
2025-12-06 01:58:21,005 - INFO - 
요청 통계:
2025-12-06 01:58:21,005 - INFO -   - 총 요청: 159개
2025-12-06 01:58:21,006 - INFO -   - 성공: 150개
2025-12-06 01:58:21,006 - INFO -   - 404 (없음): 2개
2025-12-06 01:58:21,006 - INFO -   - 에러: 0개
2025-12-06 01:58:21,006 - INFO - ======================================================================

2025-12-06 01:58:21,011 - INFO - ✅ JSON 파일 저장 완료: ../DB/crawling\mk_news_society_20251206_015821.json (50개 기사)
2025-12-06 01:58:21,014 - INFO - ✅ CSV 파일 저장 완료: ../DB/crawling\mk_news_society_20251206_015821.csv (50개 기사)
2025-12-06 01:58:31,037 - INFO - 
======================================================================
2025-12-06 01:58:31,037 - INFO - 📰 [국제] 번호 기반 크롤링 시작
2025-12-06 01:58:31,037 - INFO - 카테고리: world (국제)
2025-12-06 01:58:31,038 - INFO - 시작 번호: 11485582
2025-12-06 01:58:31,038 - INFO - 최대 수집 기사 수: 50개
2025-12-06 01:58:31,038 - INFO - ======================================================================
2025-12-06 01:58:36,148 - INFO -   ✅ 10개 수집 완료 (현재 번호: 11485573)
2025-12-06 01:58:41,752 - INFO -   ✅ 20개 수집 완료 (현재 번호: 11485563)
2025-12-06 01:58:47,383 - INFO -   ✅ 30개 수집 완료 (현재 번호: 11485553)
2025-12-06 01:58:54,058 - INFO -   ✅ 40개 수집 완료 (현재 번호: 11485541)
2025-12-06 01:59:00,249 - INFO -   ✅ 50개 수집 완료 (현재 번호: 11485530)
2025-12-06 01:59:00,250 - INFO - 
  🎯 목표 기사 수(50개) 도달! 크롤링 중단
2025-12-06 01:59:00,252 - INFO - 
======================================================================
2025-12-06 01:59:00,252 - INFO - ✅ 크롤링 완료!
2025-12-06 01:59:00,252 - INFO - ======================================================================
2025-12-06 01:59:00,252 - INFO - 총 확인한 번호: 53개
2025-12-06 01:59:00,253 - INFO - 수집된 기사: 50개
2025-12-06 01:59:00,254 - INFO - 수집률: 94.34%
2025-12-06 01:59:00,257 - INFO - 
요청 통계:
2025-12-06 01:59:00,257 - INFO -   - 총 요청: 212개
2025-12-06 01:59:00,259 - INFO -   - 성공: 200개
2025-12-06 01:59:00,259 - INFO -   - 404 (없음): 2개
2025-12-06 01:59:00,266 - INFO -   - 에러: 0개
2025-12-06 01:59:00,268 - INFO - ======================================================================

2025-12-06 01:59:00,286 - INFO - ✅ JSON 파일 저장 완료: ../DB/crawling\mk_news_world_20251206_015900.json (50개 기사)
2025-12-06 01:59:00,298 - INFO - ✅ CSV 파일 저장 완료: ../DB/crawling\mk_news_world_20251206_015900.csv (50개 기사)
2025-12-06 01:59:10,303 - INFO - 
======================================================================
2025-12-06 01:59:10,303 - INFO - 📰 [기업] 번호 기반 크롤링 시작
2025-12-06 01:59:10,303 - INFO - 카테고리: business (기업)
2025-12-06 01:59:10,303 - INFO - 시작 번호: 11485567
2025-12-06 01:59:10,304 - INFO - 최대 수집 기사 수: 50개
2025-12-06 01:59:10,304 - INFO - ======================================================================
2025-12-06 01:59:15,744 - INFO -   ✅ 10개 수집 완료 (현재 번호: 11485558)
2025-12-06 01:59:22,048 - INFO -   ✅ 20개 수집 완료 (현재 번호: 11485547)
2025-12-06 01:59:28,121 - INFO -   ✅ 30개 수집 완료 (현재 번호: 11485536)
2025-12-06 01:59:35,037 - INFO -   ✅ 40개 수집 완료 (현재 번호: 11485524)
2025-12-06 01:59:41,585 - INFO -   ✅ 50개 수집 완료 (현재 번호: 11485512)
2025-12-06 01:59:41,586 - INFO - 
  🎯 목표 기사 수(50개) 도달! 크롤링 중단
2025-12-06 01:59:41,587 - INFO - 
======================================================================
2025-12-06 01:59:41,587 - INFO - ✅ 크롤링 완료!
2025-12-06 01:59:41,587 - INFO - ======================================================================
2025-12-06 01:59:41,587 - INFO - 총 확인한 번호: 56개
2025-12-06 01:59:41,587 - INFO - 수집된 기사: 50개
2025-12-06 01:59:41,588 - INFO - 수집률: 89.29%
2025-12-06 01:59:41,588 - INFO - 
요청 통계:
2025-12-06 01:59:41,588 - INFO -   - 총 요청: 268개
2025-12-06 01:59:41,589 - INFO -   - 성공: 250개
2025-12-06 01:59:41,589 - INFO -   - 404 (없음): 4개
2025-12-06 01:59:41,590 - INFO -   - 에러: 0개
2025-12-06 01:59:41,590 - INFO - ======================================================================

2025-12-06 01:59:41,595 - INFO - ✅ JSON 파일 저장 완료: ../DB/crawling\mk_news_business_20251206_015941.json (50개 기사)
2025-12-06 01:59:41,621 - INFO - ✅ CSV 파일 저장 완료: ../DB/crawling\mk_news_business_20251206_015941.csv (50개 기사)
2025-12-06 01:59:51,647 - INFO - 
======================================================================
2025-12-06 01:59:51,648 - INFO - 📰 [증권] 번호 기반 크롤링 시작
2025-12-06 01:59:51,650 - INFO - 카테고리: stock (증권)
2025-12-06 01:59:51,652 - INFO - 시작 번호: 11485514
2025-12-06 01:59:51,653 - INFO - 최대 수집 기사 수: 50개
2025-12-06 01:59:51,654 - INFO - ======================================================================
2025-12-06 02:00:00,250 - INFO -   ✅ 10개 수집 완료 (현재 번호: 11485505)
2025-12-06 02:00:07,820 - INFO -   ✅ 20개 수집 완료 (현재 번호: 11485495)
2025-12-06 02:00:19,641 - INFO -   ✅ 30개 수집 완료 (현재 번호: 11485477)
2025-12-06 02:00:27,388 - INFO -   ✅ 40개 수집 완료 (현재 번호: 11485466)
2025-12-06 02:00:35,378 - INFO -   ✅ 50개 수집 완료 (현재 번호: 11485454)
2025-12-06 02:00:35,380 - INFO - 
  🎯 목표 기사 수(50개) 도달! 크롤링 중단
2025-12-06 02:00:35,390 - INFO - 
======================================================================
2025-12-06 02:00:35,391 - INFO - ✅ 크롤링 완료!
2025-12-06 02:00:35,393 - INFO - ======================================================================
2025-12-06 02:00:35,394 - INFO - 총 확인한 번호: 61개
2025-12-06 02:00:35,395 - INFO - 수집된 기사: 50개
2025-12-06 02:00:35,396 - INFO - 수집률: 81.97%
2025-12-06 02:00:35,396 - INFO - 
요청 통계:
2025-12-06 02:00:35,399 - INFO -   - 총 요청: 329개
2025-12-06 02:00:35,400 - INFO -   - 성공: 300개
2025-12-06 02:00:35,402 - INFO -   - 404 (없음): 7개
2025-12-06 02:00:35,403 - INFO -   - 에러: 0개
2025-12-06 02:00:35,403 - INFO - ======================================================================

2025-12-06 02:00:35,429 - INFO - ✅ JSON 파일 저장 완료: ../DB/crawling\mk_news_stock_20251206_020035.json (50개 기사)
2025-12-06 02:00:35,450 - INFO - ✅ CSV 파일 저장 완료: ../DB/crawling\mk_news_stock_20251206_020035.csv (50개 기사)
2025-12-06 02:00:45,459 - INFO - 
======================================================================
2025-12-06 02:00:45,460 - INFO - 📰 [부동산] 번호 기반 크롤링 시작
2025-12-06 02:00:45,462 - INFO - 카테고리: realestate (부동산)
2025-12-06 02:00:45,466 - INFO - 시작 번호: 11485592
2025-12-06 02:00:45,480 - INFO - 최대 수집 기사 수: 50개
2025-12-06 02:00:45,488 - INFO - ======================================================================
2025-12-06 02:00:53,275 - INFO -   ✅ 10개 수집 완료 (현재 번호: 11485582)
2025-12-06 02:01:00,183 - INFO -   ✅ 20개 수집 완료 (현재 번호: 11485572)
2025-12-06 02:01:07,442 - INFO -   ✅ 30개 수집 완료 (현재 번호: 11485562)
2025-12-06 02:01:14,815 - INFO -   ✅ 40개 수집 완료 (현재 번호: 11485552)
2025-12-06 02:01:23,182 - INFO -   ✅ 50개 수집 완료 (현재 번호: 11485540)
2025-12-06 02:01:23,183 - INFO - 
  🎯 목표 기사 수(50개) 도달! 크롤링 중단
2025-12-06 02:01:23,185 - INFO - 
======================================================================
2025-12-06 02:01:23,185 - INFO - ✅ 크롤링 완료!
2025-12-06 02:01:23,186 - INFO - ======================================================================
2025-12-06 02:01:23,186 - INFO - 총 확인한 번호: 53개
2025-12-06 02:01:23,186 - INFO - 수집된 기사: 50개
2025-12-06 02:01:23,187 - INFO - 수집률: 94.34%
2025-12-06 02:01:23,188 - INFO - 
요청 통계:
2025-12-06 02:01:23,188 - INFO -   - 총 요청: 382개
2025-12-06 02:01:23,188 - INFO -   - 성공: 350개
2025-12-06 02:01:23,189 - INFO -   - 404 (없음): 7개
2025-12-06 02:01:23,190 - INFO -   - 에러: 0개
2025-12-06 02:01:23,190 - INFO - ======================================================================

2025-12-06 02:01:23,216 - INFO - ✅ JSON 파일 저장 완료: ../DB/crawling\mk_news_realestate_20251206_020123.json (50개 기사)
2025-12-06 02:01:23,240 - INFO - ✅ CSV 파일 저장 완료: ../DB/crawling\mk_news_realestate_20251206_020123.csv (50개 기사)
2025-12-06 02:01:33,250 - INFO - 
======================================================================
2025-12-06 02:01:33,251 - INFO - 📰 [IT] 번호 기반 크롤링 시작
2025-12-06 02:01:33,252 - INFO - 카테고리: it (IT)
2025-12-06 02:01:33,252 - INFO - 시작 번호: 11480509
2025-12-06 02:01:33,253 - INFO - 최대 수집 기사 수: 50개
2025-12-06 02:01:33,254 - INFO - ======================================================================
2025-12-06 02:01:43,744 - INFO -   ✅ 10개 수집 완료 (현재 번호: 11480500)
2025-12-06 02:01:50,346 - INFO -   ✅ 20개 수집 완료 (현재 번호: 11480490)
2025-12-06 02:01:56,368 - INFO -   ✅ 30개 수집 완료 (현재 번호: 11480480)
2025-12-06 02:02:02,539 - INFO -   ✅ 40개 수집 완료 (현재 번호: 11480470)
2025-12-06 02:02:17,547 - ERROR - 기사 크롤링 에러 (https://www.mk.co.kr/news/it/11480462): HTTPSConnectionPool(host='star.mbn.co.kr', port=443): Read timed out. (read timeout=10)
2025-12-06 02:02:27,951 - ERROR - 기사 크롤링 에러 (https://www.mk.co.kr/news/it/11480462): HTTPSConnectionPool(host='star.mbn.co.kr', port=443): Read timed out. (read timeout=10)
2025-12-06 02:02:38,657 - ERROR - 기사 크롤링 에러 (https://www.mk.co.kr/news/it/11480462): HTTPSConnectionPool(host='star.mbn.co.kr', port=443): Read timed out. (read timeout=10)
2025-12-06 02:02:48,123 - INFO -   ✅ 50개 수집 완료 (현재 번호: 11480448)
2025-12-06 02:02:48,141 - INFO - 
  🎯 목표 기사 수(50개) 도달! 크롤링 중단
2025-12-06 02:02:48,176 - INFO - 
======================================================================
2025-12-06 02:02:48,179 - INFO - ✅ 크롤링 완료!
2025-12-06 02:02:48,180 - INFO - ======================================================================
2025-12-06 02:02:48,181 - INFO - 총 확인한 번호: 62개
2025-12-06 02:02:48,182 - INFO - 수집된 기사: 50개
2025-12-06 02:02:48,183 - INFO - 수집률: 80.65%
2025-12-06 02:02:48,183 - INFO - 
요청 통계:
2025-12-06 02:02:48,184 - INFO -   - 총 요청: 446개
2025-12-06 02:02:48,184 - INFO -   - 성공: 400개
2025-12-06 02:02:48,185 - INFO -   - 404 (없음): 8개
2025-12-06 02:02:48,186 - INFO -   - 에러: 1개
2025-12-06 02:02:48,186 - INFO - ======================================================================

2025-12-06 02:02:48,206 - INFO - ✅ JSON 파일 저장 완료: ../DB/crawling\mk_news_it_20251206_020248.json (50개 기사)
2025-12-06 02:02:48,212 - INFO - ✅ CSV 파일 저장 완료: ../DB/crawling\mk_news_it_20251206_020248.csv (50개 기사)
2025-12-06 02:02:58,224 - INFO - 
======================================================================
2025-12-06 02:02:58,224 - INFO - 📰 [문화] 번호 기반 크롤링 시작
2025-12-06 02:02:58,225 - INFO - 카테고리: culture (문화)
2025-12-06 02:02:58,225 - INFO - 시작 번호: 11485571
2025-12-06 02:02:58,226 - INFO - 최대 수집 기사 수: 50개
2025-12-06 02:02:58,226 - INFO - ======================================================================
2025-12-06 02:03:03,227 - INFO -   ✅ 10개 수집 완료 (현재 번호: 11485562)
2025-12-06 02:03:08,873 - INFO -   ✅ 20개 수집 완료 (현재 번호: 11485552)
2025-12-06 02:03:15,642 - INFO -   ✅ 30개 수집 완료 (현재 번호: 11485540)
2025-12-06 02:03:22,474 - INFO -   ✅ 40개 수집 완료 (현재 번호: 11485529)
2025-12-06 02:03:28,949 - INFO -   ✅ 50개 수집 완료 (현재 번호: 11485517)
2025-12-06 02:03:28,950 - INFO - 
  🎯 목표 기사 수(50개) 도달! 크롤링 중단
2025-12-06 02:03:28,953 - INFO - 
======================================================================
2025-12-06 02:03:28,953 - INFO - ✅ 크롤링 완료!
2025-12-06 02:03:28,953 - INFO - ======================================================================
2025-12-06 02:03:28,953 - INFO - 총 확인한 번호: 55개
2025-12-06 02:03:28,954 - INFO - 수집된 기사: 50개
2025-12-06 02:03:28,954 - INFO - 수집률: 90.91%
2025-12-06 02:03:28,954 - INFO - 
요청 통계:
2025-12-06 02:03:28,954 - INFO -   - 총 요청: 501개
2025-12-06 02:03:28,954 - INFO -   - 성공: 450개
2025-12-06 02:03:28,954 - INFO -   - 404 (없음): 9개
2025-12-06 02:03:28,955 - INFO -   - 에러: 1개
2025-12-06 02:03:28,955 - INFO - ======================================================================

2025-12-06 02:03:28,960 - INFO - ✅ JSON 파일 저장 완료: ../DB/crawling\mk_news_culture_20251206_020328.json (50개 기사)
2025-12-06 02:03:28,968 - INFO - ✅ CSV 파일 저장 완료: ../DB/crawling\mk_news_culture_20251206_020328.csv (50개 기사)
2025-12-06 02:03:38,975 - INFO - 
======================================================================
2025-12-06 02:03:38,975 - INFO - 📰 [스포츠] 번호 기반 크롤링 시작
2025-12-06 02:03:38,976 - INFO - 카테고리: sports (스포츠)
2025-12-06 02:03:38,976 - INFO - 시작 번호: 11485610
2025-12-06 02:03:38,976 - INFO - 최대 수집 기사 수: 50개
2025-12-06 02:03:38,978 - INFO - ======================================================================
2025-12-06 02:03:44,871 - INFO -   ✅ 10개 수집 완료 (현재 번호: 11485599)
2025-12-06 02:03:51,387 - INFO -   ✅ 20개 수집 완료 (현재 번호: 11485588)
2025-12-06 02:03:57,503 - INFO -   ✅ 30개 수집 완료 (현재 번호: 11485577)
2025-12-06 02:04:03,287 - INFO -   ✅ 40개 수집 완료 (현재 번호: 11485567)
2025-12-06 02:04:08,859 - INFO -   ✅ 50개 수집 완료 (현재 번호: 11485557)
2025-12-06 02:04:08,859 - INFO - 
  🎯 목표 기사 수(50개) 도달! 크롤링 중단
2025-12-06 02:04:08,860 - INFO - 
======================================================================
2025-12-06 02:04:08,860 - INFO - ✅ 크롤링 완료!
2025-12-06 02:04:08,860 - INFO - ======================================================================
2025-12-06 02:04:08,861 - INFO - 총 확인한 번호: 54개
2025-12-06 02:04:08,861 - INFO - 수집된 기사: 50개
2025-12-06 02:04:08,861 - INFO - 수집률: 92.59%
2025-12-06 02:04:08,861 - INFO - 
요청 통계:
2025-12-06 02:04:08,861 - INFO -   - 총 요청: 555개
2025-12-06 02:04:08,861 - INFO -   - 성공: 500개
2025-12-06 02:04:08,861 - INFO -   - 404 (없음): 12개
2025-12-06 02:04:08,861 - INFO -   - 에러: 1개
2025-12-06 02:04:08,861 - INFO - ======================================================================

2025-12-06 02:04:08,865 - INFO - ✅ JSON 파일 저장 완료: ../DB/crawling\mk_news_sports_20251206_020408.json (50개 기사)
2025-12-06 02:04:08,869 - INFO - ✅ CSV 파일 저장 완료: ../DB/crawling\mk_news_sports_20251206_020408.csv (50개 기사)
